

Date：2023-02-07 08:49:28.807
LogLevel：Error
Message： 
****************************异常文本****************************
【出现时间】：2023/2/7 8:49:28
【异常类型】：ArgumentOutOfRangeException
【异常信息】：InvalidArgument=“0”的值对于“SelectedIndex”无效。
参数名: SelectedIndex
【堆栈调用】：   在 System.Windows.Forms.ComboBox.set_SelectedIndex(Int32 value)
   在 PLADCore.GameSystem.MyControl.UserControl1.set_p_stateCbx_selectIndex(Int32 value) 位置 D:\WorkProject\PLADCore\PLADCore\GameSystem\MyControl\UserControl1.cs:行号 154
   在 PLADCore.GameSystem.GameWindowSys.RunningTestingWindowSys.ClearMatchStudent(List`1 userControl1S) 位置 D:\WorkProject\PLADCore\PLADCore\GameSystem\GameWindowSys\RunningTestingWindowSys.cs:行号 370
   在 PLADCore.GameSystem.GameWindow.RunningTestingWindow.ChooseMatchStudent() 位置 D:\WorkProject\PLADCore\PLADCore\GameSystem\GameWindow\RunningTestingWindow.cs:行号 488
   在 PLADCore.GameSystem.GameWindow.RunningTestingWindow.uiButton6_Click(Object sender, EventArgs e) 位置 D:\WorkProject\PLADCore\PLADCore\GameSystem\GameWindow\RunningTestingWindow.cs:行号 642
   在 System.Windows.Forms.Control.OnClick(EventArgs e)
   在 Sunny.UI.UIButton.OnClick(EventArgs e)
   在 System.Windows.Forms.Control.WmMouseUp(Message& m, MouseButtons button, Int32 clicks)
   在 System.Windows.Forms.Control.WndProc(Message& m)
   在 System.Windows.Forms.Control.ControlNativeWindow.OnMessage(Message& m)
   在 System.Windows.Forms.Control.ControlNativeWindow.WndProc(Message& m)
   在 System.Windows.Forms.NativeWindow.Callback(IntPtr hWnd, Int32 msg, IntPtr wparam, IntPtr lparam)
【异常方法】：Void set_SelectedIndex(Int32)
***************************************************************

--------------------------------------------------

Date：2023-02-07 08:49:32.120
LogLevel：Error
Message： 
****************************异常文本****************************
【出现时间】：2023/2/7 8:49:32
【异常类型】：ArgumentOutOfRangeException
【异常信息】：InvalidArgument=“0”的值对于“SelectedIndex”无效。
参数名: SelectedIndex
【堆栈调用】：   在 System.Windows.Forms.ComboBox.set_SelectedIndex(Int32 value)
   在 PLADCore.GameSystem.MyControl.UserControl1.set_p_stateCbx_selectIndex(Int32 value) 位置 D:\WorkProject\PLADCore\PLADCore\GameSystem\MyControl\UserControl1.cs:行号 154
   在 PLADCore.GameSystem.GameWindowSys.RunningTestingWindowSys.ClearMatchStudent(List`1 userControl1S) 位置 D:\WorkProject\PLADCore\PLADCore\GameSystem\GameWindowSys\RunningTestingWindowSys.cs:行号 370
   在 PLADCore.GameSystem.GameWindow.RunningTestingWindow.ChooseMatchStudent() 位置 D:\WorkProject\PLADCore\PLADCore\GameSystem\GameWindow\RunningTestingWindow.cs:行号 488
   在 PLADCore.GameSystem.GameWindow.RunningTestingWindow.uiButton6_Click(Object sender, EventArgs e) 位置 D:\WorkProject\PLADCore\PLADCore\GameSystem\GameWindow\RunningTestingWindow.cs:行号 642
   在 System.Windows.Forms.Control.OnClick(EventArgs e)
   在 Sunny.UI.UIButton.OnClick(EventArgs e)
   在 System.Windows.Forms.Control.WmMouseUp(Message& m, MouseButtons button, Int32 clicks)
   在 System.Windows.Forms.Control.WndProc(Message& m)
   在 System.Windows.Forms.Control.ControlNativeWindow.OnMessage(Message& m)
   在 System.Windows.Forms.Control.ControlNativeWindow.WndProc(Message& m)
   在 System.Windows.Forms.NativeWindow.Callback(IntPtr hWnd, Int32 msg, IntPtr wparam, IntPtr lparam)
【异常方法】：Void set_SelectedIndex(Int32)
***************************************************************

--------------------------------------------------

Date：2023-02-07 08:49:36.196
LogLevel：Error
Message： 
****************************异常文本****************************
【出现时间】：2023/2/7 8:49:36
【异常类型】：ArgumentOutOfRangeException
【异常信息】：InvalidArgument=“0”的值对于“SelectedIndex”无效。
参数名: SelectedIndex
【堆栈调用】：   在 System.Windows.Forms.ComboBox.set_SelectedIndex(Int32 value)
   在 PLADCore.GameSystem.MyControl.UserControl1.set_p_stateCbx_selectIndex(Int32 value) 位置 D:\WorkProject\PLADCore\PLADCore\GameSystem\MyControl\UserControl1.cs:行号 154
   在 PLADCore.GameSystem.GameWindowSys.RunningTestingWindowSys.ClearMatchStudent(List`1 userControl1S) 位置 D:\WorkProject\PLADCore\PLADCore\GameSystem\GameWindowSys\RunningTestingWindowSys.cs:行号 370
   在 PLADCore.GameSystem.GameWindow.RunningTestingWindow.ChooseMatchStudent() 位置 D:\WorkProject\PLADCore\PLADCore\GameSystem\GameWindow\RunningTestingWindow.cs:行号 488
   在 PLADCore.GameSystem.GameWindow.RunningTestingWindow.uiButton6_Click(Object sender, EventArgs e) 位置 D:\WorkProject\PLADCore\PLADCore\GameSystem\GameWindow\RunningTestingWindow.cs:行号 642
   在 System.Windows.Forms.Control.OnClick(EventArgs e)
   在 Sunny.UI.UIButton.OnClick(EventArgs e)
   在 System.Windows.Forms.Control.WmMouseUp(Message& m, MouseButtons button, Int32 clicks)
   在 System.Windows.Forms.Control.WndProc(Message& m)
   在 System.Windows.Forms.Control.ControlNativeWindow.OnMessage(Message& m)
   在 System.Windows.Forms.Control.ControlNativeWindow.WndProc(Message& m)
   在 System.Windows.Forms.NativeWindow.Callback(IntPtr hWnd, Int32 msg, IntPtr wparam, IntPtr lparam)
【异常方法】：Void set_SelectedIndex(Int32)
***************************************************************

--------------------------------------------------

Date：2023-02-07 08:49:37.681
LogLevel：Error
Message： 
****************************异常文本****************************
【出现时间】：2023/2/7 8:49:37
【异常类型】：ArgumentOutOfRangeException
【异常信息】：InvalidArgument=“0”的值对于“SelectedIndex”无效。
参数名: SelectedIndex
【堆栈调用】：   在 System.Windows.Forms.ComboBox.set_SelectedIndex(Int32 value)
   在 PLADCore.GameSystem.MyControl.UserControl1.set_p_stateCbx_selectIndex(Int32 value) 位置 D:\WorkProject\PLADCore\PLADCore\GameSystem\MyControl\UserControl1.cs:行号 154
   在 PLADCore.GameSystem.GameWindowSys.RunningTestingWindowSys.ClearMatchStudent(List`1 userControl1S) 位置 D:\WorkProject\PLADCore\PLADCore\GameSystem\GameWindowSys\RunningTestingWindowSys.cs:行号 370
   在 PLADCore.GameSystem.GameWindow.RunningTestingWindow.ChooseMatchStudent() 位置 D:\WorkProject\PLADCore\PLADCore\GameSystem\GameWindow\RunningTestingWindow.cs:行号 488
   在 PLADCore.GameSystem.GameWindow.RunningTestingWindow.uiButton6_Click(Object sender, EventArgs e) 位置 D:\WorkProject\PLADCore\PLADCore\GameSystem\GameWindow\RunningTestingWindow.cs:行号 642
   在 System.Windows.Forms.Control.OnClick(EventArgs e)
   在 Sunny.UI.UIButton.OnClick(EventArgs e)
   在 System.Windows.Forms.Control.WmMouseUp(Message& m, MouseButtons button, Int32 clicks)
   在 System.Windows.Forms.Control.WndProc(Message& m)
   在 System.Windows.Forms.Control.ControlNativeWindow.OnMessage(Message& m)
   在 System.Windows.Forms.Control.ControlNativeWindow.WndProc(Message& m)
   在 System.Windows.Forms.NativeWindow.Callback(IntPtr hWnd, Int32 msg, IntPtr wparam, IntPtr lparam)
【异常方法】：Void set_SelectedIndex(Int32)
***************************************************************

--------------------------------------------------