

Date：2023-02-07 08:56:29.793
LogLevel：Error
Message： 
****************************异常文本****************************
【出现时间】：2023/2/7 8:56:29
【异常类型】：ArgumentOutOfRangeException
【异常信息】：InvalidArgument=“2”的值对于“SelectedIndex”无效。
参数名: SelectedIndex
【堆栈调用】：   在 System.Windows.Forms.ListBox.set_SelectedIndex(Int32 value)
   在 Sunny.UI.UIListBox.set_SelectedIndex(Int32 value)
   在 Sunny.UI.UIComboBox.set_SelectedIndex(Int32 value)
   在 PLADCore.GameSystem.GameWindowSys.SystemSettingWindowSys.LoadingInitData(UITextBox uiTextBox1, UIComboBox uiComboBox1, UIComboBox uiComboBox2, UIComboBox uiComboBox3, UIComboBox uiComboBox4, SportProjectInfos& sportProjectInfos) 位置 D:\WorkProject\PLADCore\PLADCore\GameSystem\GameWindowSys\SystemSettingWindowSys.cs:行号 35
   在 PLADCore.GameSystem.GameWindow.SystemSettingWindow.SystemSettingWindow_Load(Object sender, EventArgs e) 位置 D:\WorkProject\PLADCore\PLADCore\GameSystem\GameWindow\SystemSettingWindow.cs:行号 25
   在 System.Windows.Forms.Form.OnLoad(EventArgs e)
   在 System.Windows.Forms.Form.OnCreateControl()
   在 System.Windows.Forms.Control.CreateControl(Boolean fIgnoreVisible)
   在 System.Windows.Forms.Control.CreateControl()
   在 System.Windows.Forms.Control.WmShowWindow(Message& m)
   在 System.Windows.Forms.Control.WndProc(Message& m)
   在 System.Windows.Forms.ScrollableControl.WndProc(Message& m)
   在 System.Windows.Forms.Form.WmShowWindow(Message& m)
   在 System.Windows.Forms.Form.WndProc(Message& m)
   在 System.Windows.Forms.Control.ControlNativeWindow.OnMessage(Message& m)
   在 System.Windows.Forms.Control.ControlNativeWindow.WndProc(Message& m)
   在 System.Windows.Forms.NativeWindow.Callback(IntPtr hWnd, Int32 msg, IntPtr wparam, IntPtr lparam)
【异常方法】：Void set_SelectedIndex(Int32)
***************************************************************

--------------------------------------------------